<?xml version="1.0" encoding="UTF-8"?>
<testng-results ignored="0" total="2" passed="2" failed="0" skipped="0">
  <reporter-output>
  </reporter-output>
  <suite started-at="2022-02-06T11:48:57 EST" name="TestSuite" finished-at="2022-02-06T11:49:08 EST" duration-ms="11025">
    <groups>
    </groups>
    <test started-at="2022-02-06T11:48:57 EST" name="FirefoxTest" finished-at="2022-02-06T11:49:04 EST" duration-ms="7515">
      <class name="MavenPractice.CrossBrowserTesting">
        <test-method is-config="true" signature="setup(java.lang.String)[pri:0, instance:MavenPractice.CrossBrowserTesting@66d3eec0]" started-at="2022-02-06T11:48:57 EST" name="setup" finished-at="2022-02-06T11:49:00 EST" duration-ms="3108" status="PASS">
          <params>
            <param index="0">
              <value>
                <![CDATA[firefox]]>
              </value>
            </param>
          </params>
          <reporter-output>
          </reporter-output>
        </test-method> <!-- setup -->
        <test-method signature="fbLogin()[pri:0, instance:MavenPractice.CrossBrowserTesting@66d3eec0]" started-at="2022-02-06T11:49:00 EST" name="fbLogin" finished-at="2022-02-06T11:49:04 EST" duration-ms="4389" status="PASS">
          <reporter-output>
          </reporter-output>
        </test-method> <!-- fbLogin -->
      </class> <!-- MavenPractice.CrossBrowserTesting -->
    </test> <!-- FirefoxTest -->
    <test started-at="2022-02-06T11:48:57 EST" name="ChromeTest" finished-at="2022-02-06T11:49:08 EST" duration-ms="11024">
      <class name="MavenPractice.CrossBrowserTesting">
        <test-method is-config="true" signature="setup(java.lang.String)[pri:0, instance:MavenPractice.CrossBrowserTesting@14555e0a]" started-at="2022-02-06T11:48:57 EST" name="setup" finished-at="2022-02-06T11:48:59 EST" duration-ms="2340" status="PASS">
          <params>
            <param index="0">
              <value>
                <![CDATA[chrome]]>
              </value>
            </param>
          </params>
          <reporter-output>
          </reporter-output>
        </test-method> <!-- setup -->
        <test-method signature="fbLogin()[pri:0, instance:MavenPractice.CrossBrowserTesting@14555e0a]" started-at="2022-02-06T11:48:59 EST" name="fbLogin" finished-at="2022-02-06T11:49:08 EST" duration-ms="8630" status="PASS">
          <reporter-output>
          </reporter-output>
        </test-method> <!-- fbLogin -->
      </class> <!-- MavenPractice.CrossBrowserTesting -->
    </test> <!-- ChromeTest -->
  </suite> <!-- TestSuite -->
</testng-results>
