<?xml version="1.0" encoding="UTF-8"?>
<!-- Generated by org.testng.reporters.JUnitXMLReporter -->
<testsuite ignored="0" hostname="Gurleens-iMac.local" failures="0" tests="11" name="Test" time="0.213" errors="0" timestamp="2022-02-06T11:46:33 EST">
  <testcase classname="MavenPractice.Testing1" name="test1" time="0.026"/>
  <testcase classname="MavenPractice.Testing1" name="test1" time="0.001"/>
  <testcase classname="MavenPractice.Testing1" name="test2" time="0.003"/>
  <testcase classname="MavenPractice.Testing1" name="test3" time="0.006"/>
  <testcase classname="MavenPractice.Testing2" name="test4" time="0.003"/>
  <testcase classname="MavenPractice.Testing2" name="test5" time="0.003"/>
  <testcase classname="MavenPractice.Testing1" name="testDataProvider" time="0.004"/>
  <testcase classname="MavenPractice.Testing1" name="testDataProvider" time="0.002"/>
  <testcase classname="MavenPractice.Testing3" name="createUser" time="0.009"/>
  <testcase classname="MavenPractice.Testing3" name="editUser" time="0.001"/>
  <testcase classname="MavenPractice.Testing3" name="deleteUser" time="0.002"/>
</testsuite> <!-- Test -->
